Using pre-set license
Built from '2021.3/staging' branch; Version is '2021.3.9f1 (ad3870b89536) revision 11352176'; Using compiler version '192829333'; Build Type 'Release'
OS: 'Windows 10  (10.0.19045) 64bit Core' Language: 'en' Physical Memory: 7959 MB
BatchMode: 1, IsHumanControllingUs: 0, StartBugReporterOnCrash: 0, Is64bit: 1, IsPro: 1

COMMAND LINE ARGUMENTS:
C:\Program Files\Unity 2021.3.9f1\Editor\Unity.exe
-adb2
-batchMode
-noUpm
-name
AssetImportWorker0
-projectPath
C:/Users/Gerhard/Desktop/3DFB
-logFile
Logs/AssetImportWorker0.log
-srvPort
59628
Successfully changed project path to: C:/Users/Gerhard/Desktop/3DFB
C:/Users/Gerhard/Desktop/3DFB
[UnityMemory] Configuration Parameters - Can be set up in boot.config
    "memorysetup-bucket-allocator-granularity=16"
    "memorysetup-bucket-allocator-bucket-count=8"
    "memorysetup-bucket-allocator-block-size=33554432"
    "memorysetup-bucket-allocator-block-count=8"
    "memorysetup-main-allocator-block-size=16777216"
    "memorysetup-thread-allocator-block-size=16777216"
    "memorysetup-gfx-main-allocator-block-size=16777216"
    "memorysetup-gfx-thread-allocator-block-size=16777216"
    "memorysetup-cache-allocator-block-size=4194304"
    "memorysetup-typetree-allocator-block-size=2097152"
    "memorysetup-profiler-bucket-allocator-granularity=16"
    "memorysetup-profiler-bucket-allocator-bucket-count=8"
    "memorysetup-profiler-bucket-allocator-block-size=33554432"
    "memorysetup-profiler-bucket-allocator-block-count=8"
    "memorysetup-profiler-allocator-block-size=16777216"
    "memorysetup-profiler-editor-allocator-block-size=1048576"
    "memorysetup-temp-allocator-size-main=16777216"
    "memorysetup-job-temp-allocator-block-size=2097152"
    "memorysetup-job-temp-allocator-block-size-background=1048576"
    "memorysetup-job-temp-allocator-reduction-small-platforms=262144"
    "memorysetup-temp-allocator-size-background-worker=32768"
    "memorysetup-temp-allocator-size-job-worker=262144"
    "memorysetup-temp-allocator-size-preload-manager=33554432"
    "memorysetup-temp-allocator-size-nav-mesh-worker=65536"
    "memorysetup-temp-allocator-size-audio-worker=65536"
    "memorysetup-temp-allocator-size-cloud-worker=32768"
    "memorysetup-temp-allocator-size-gi-baking-worker=262144"
    "memorysetup-temp-allocator-size-gfx=262144"
Refreshing native plugins compatible for Editor in 535.33 ms, found 5 plugins.
Preloading 0 native plugins for Editor in 0.00 ms.
Initialize engine version: 2021.3.9f1 (ad3870b89536)
[Subsystems] Discovering subsystems at path C:/Program Files/Unity 2021.3.9f1/Editor/Data/Resources/UnitySubsystems
[Subsystems] Discovering subsystems at path C:/Users/Gerhard/Desktop/3DFB/Assets
GfxDevice: creating device client; threaded=0; jobified=0
Direct3D:
    Version:  Direct3D 11.0 [level 11.1]
    Renderer: Intel(R) UHD Graphics (ID=0x8a56)
    Vendor:   Intel
    VRAM:     3979 MB
    Driver:   27.20.100.9365
Initialize mono
Mono path[0] = 'C:/Program Files/Unity 2021.3.9f1/Editor/Data/Managed'
Mono path[1] = 'C:/Program Files/Unity 2021.3.9f1/Editor/Data/MonoBleedingEdge/lib/mono/unityjit-win32'
Mono config path = 'C:/Program Files/Unity 2021.3.9f1/Editor/Data/MonoBleedingEdge/etc'
Using monoOptions --debugger-agent=transport=dt_socket,embedding=1,server=y,suspend=n,address=127.0.0.1:56552
Begin MonoManager ReloadAssembly
Registering precompiled unity dll's ...
Register platform support module: C:/Program Files/Unity 2021.3.9f1/Editor/Data/PlaybackEngines/WindowsStandaloneSupport/UnityEditor.WindowsStandalone.Extensions.dll
Registered in 0.008090 seconds.
Native extension for WindowsStandalone target not found
Refreshing native plugins compatible for Editor in 150.77 ms, found 5 plugins.
Preloading 0 native plugins for Editor in 0.00 ms.
Mono: successfully reloaded assembly
- Completed reload, in  1.625 seconds
Domain Reload Profiling:
	ReloadAssembly (1626ms)
		BeginReloadAssembly (343ms)
			ExecutionOrderSort (0ms)
			DisableScriptedObjects (0ms)
			BackupInstance (0ms)
			ReleaseScriptingObjects (0ms)
			CreateAndSetChildDomain (4ms)
		EndReloadAssembly (1050ms)
			LoadAssemblies (336ms)
			RebuildTransferFunctionScriptingTraits (0ms)
			SetupTypeCache (199ms)
			ReleaseScriptCaches (0ms)
			RebuildScriptCaches (50ms)
			SetupLoadedEditorAssemblies (656ms)
				LogAssemblyErrors (0ms)
				InitializePlatformSupportModulesInManaged (13ms)
				SetLoadedEditorAssemblies (0ms)
				RefreshPlugins (151ms)
				BeforeProcessingInitializeOnLoad (2ms)
				ProcessInitializeOnLoadAttributes (376ms)
				ProcessInitializeOnLoadMethodAttributes (114ms)
				AfterProcessingInitializeOnLoad (0ms)
				EditorAssembliesLoaded (0ms)
			ExecutionOrderSort2 (0ms)
			AwakeInstancesAfterBackupRestoration (0ms)
Platform modules already initialized, skipping
Registering precompiled user dll's ...
Registered in 0.039308 seconds.
Begin MonoManager ReloadAssembly
Native extension for WindowsStandalone target not found
Refreshing native plugins compatible for Editor in 268.91 ms, found 5 plugins.
Preloading 0 native plugins for Editor in 0.00 ms.
Mono: successfully reloaded assembly
- Completed reload, in  3.879 seconds
Domain Reload Profiling:
	ReloadAssembly (3881ms)
		BeginReloadAssembly (557ms)
			ExecutionOrderSort (0ms)
			DisableScriptedObjects (11ms)
			BackupInstance (0ms)
			ReleaseScriptingObjects (0ms)
			CreateAndSetChildDomain (41ms)
		EndReloadAssembly (2925ms)
			LoadAssemblies (554ms)
			RebuildTransferFunctionScriptingTraits (0ms)
			SetupTypeCache (571ms)
			ReleaseScriptCaches (5ms)
			RebuildScriptCaches (196ms)
			SetupLoadedEditorAssemblies (1736ms)
				LogAssemblyErrors (0ms)
				InitializePlatformSupportModulesInManaged (7ms)
				SetLoadedEditorAssemblies (0ms)
				RefreshPlugins (269ms)
				BeforeProcessingInitializeOnLoad (255ms)
				ProcessInitializeOnLoadAttributes (995ms)
				ProcessInitializeOnLoadMethodAttributes (195ms)
				AfterProcessingInitializeOnLoad (14ms)
				EditorAssembliesLoaded (1ms)
			ExecutionOrderSort2 (0ms)
			AwakeInstancesAfterBackupRestoration (29ms)
Platform modules already initialized, skipping
========================================================================
Worker process is ready to serve import requests
Launched and connected shader compiler UnityShaderCompiler.exe after 0.19 seconds
Refreshing native plugins compatible for Editor in 4.43 ms, found 5 plugins.
Preloading 0 native plugins for Editor in 0.00 ms.
Unloading 4833 Unused Serialized files (Serialized files now loaded: 0)
Unloading 117 unused Assets / (2.6 MB). Loaded Objects now: 5237.
Memory consumption went from 217.9 MB to 215.3 MB.
Total: 27.685900 ms (FindLiveObjects: 1.121500 ms CreateObjectMapping: 0.613600 ms MarkObjects: 13.579200 ms  DeleteObjects: 12.367100 ms)

AssetImportParameters requested are different than current active one (requested -> active):
  custom:video-decoder-ogg-theora: a1e56fd34408186e4bbccfd4996cb3dc -> 
  custom:container-muxer-webm: aa71ff27fc2769a1b78a27578f13a17b -> 
  custom:container-demuxer-webm: 4f35f7cbe854078d1ac9338744f61a02 -> 
  custom:video-encoder-webm-vp8: eb34c28f22e8b96e1ab97ce403110664 -> 
  custom:video-codec-MediaFoundation-h265: 746d11721c4dcdbdad8f713fa42b33f4 -> 
  custom:audio-encoder-webm-vorbis: bf7c407c2cedff20999df2af8eb42d56 -> 
  custom:framework-win-MediaFoundation: 216162199b28c13a410421893ffa2e32 -> 
  custom:container-demuxer-ogg: 62fdf1f143b41e24485cea50d1cbac27 -> 
  custom:video-decoder-webm-vp8: 9c59270c3fd7afecdb556c50c9e8de78 -> 
  custom:audio-decoder-ogg-vorbis: bf7c407c2cedff20999df2af8eb42d56 -> 
========================================================================
Received Import Request.
  Time since last request: 230327.522143 seconds.
  path: Assets/Models/1.fbm
  artifactKey: Guid(7e9f5f3fb20d24c40a850438bac1e50e) Importer(815301076,1909f56bfc062723c751e8b465ee728b)
Start importing Assets/Models/1.fbm using Guid(7e9f5f3fb20d24c40a850438bac1e50e) Importer(815301076,1909f56bfc062723c751e8b465ee728b)  -> (artifact id: '7e4fc7ff77fb14d08f876b0b1f51b98e') in 0.053946 seconds 
========================================================================
Received Import Request.
  Time since last request: 6.270154 seconds.
  path: Assets/Models/1.fbm/main_module_Diffuse.png
  artifactKey: Guid(7a7c1e40225a36d42b5b4a0753c10a7f) Importer(815301076,1909f56bfc062723c751e8b465ee728b)
Start importing Assets/Models/1.fbm/main_module_Diffuse.png using Guid(7a7c1e40225a36d42b5b4a0753c10a7f) Importer(815301076,1909f56bfc062723c751e8b465ee728b)  -> (artifact id: 'c017193749ab69555a0a2264643c9903') in 0.440023 seconds 
========================================================================
Received Import Request.
  Time since last request: 0.690060 seconds.
  path: Assets/Models/1.fbm/engine_module_Diffuse.png
  artifactKey: Guid(286905c3974e0b14e96a6783d6bee207) Importer(815301076,1909f56bfc062723c751e8b465ee728b)
Start importing Assets/Models/1.fbm/engine_module_Diffuse.png using Guid(286905c3974e0b14e96a6783d6bee207) Importer(815301076,1909f56bfc062723c751e8b465ee728b)  -> (artifact id: 'a00693ac2fb20c54daa79166a6f1105b') in 0.186964 seconds 
========================================================================
Received Import Request.
  Time since last request: 0.874016 seconds.
  path: Assets/Models/1.fbm/engine_module_ior.png
  artifactKey: Guid(c90f33b8e19a8534ab2bfac5a180341b) Importer(815301076,1909f56bfc062723c751e8b465ee728b)
Start importing Assets/Models/1.fbm/engine_module_ior.png using Guid(c90f33b8e19a8534ab2bfac5a180341b) Importer(815301076,1909f56bfc062723c751e8b465ee728b)  -> (artifact id: 'eeb8a2ccaa91b94e047aed028a19ae84') in 0.067919 seconds 
========================================================================
Received Import Request.
  Time since last request: 0.530512 seconds.
  path: Assets/Models/1.fbm/wheels_left_Normal.png
  artifactKey: Guid(59fad9171b8c4e0498c547af9b563961) Importer(815301076,1909f56bfc062723c751e8b465ee728b)
Start importing Assets/Models/1.fbm/wheels_left_Normal.png using Guid(59fad9171b8c4e0498c547af9b563961) Importer(815301076,1909f56bfc062723c751e8b465ee728b)  -> (artifact id: '8dba806f9242f702b970f257bf05fb40') in 0.064476 seconds 
========================================================================
Received Import Request.
  Time since last request: 36.425766 seconds.
  path: Assets/Height Mapper
  artifactKey: Guid(c36ad2215406b024499d19fe715d79a1) Importer(815301076,1909f56bfc062723c751e8b465ee728b)
Start importing Assets/Height Mapper using Guid(c36ad2215406b024499d19fe715d79a1) Importer(815301076,1909f56bfc062723c751e8b465ee728b)  -> (artifact id: '2fc7c68a021a099cfae78a998d7d3238') in 0.035500 seconds 
========================================================================
Received Import Request.
  Time since last request: 2.179642 seconds.
  path: Assets/Height Mapper/Editor/HeightMapFromTexture.cs
  artifactKey: Guid(6e85b83e5be5d2748b9b1f1464ea77b6) Importer(815301076,1909f56bfc062723c751e8b465ee728b)
Start importing Assets/Height Mapper/Editor/HeightMapFromTexture.cs using Guid(6e85b83e5be5d2748b9b1f1464ea77b6) Importer(815301076,1909f56bfc062723c751e8b465ee728b)  -> (artifact id: '01c2ac327f9c1a6e1342dd8dcaa4e854') in 0.047197 seconds 
========================================================================
Received Import Request.
  Time since last request: 7.512314 seconds.
  path: Assets/Height Mapper/Editor
  artifactKey: Guid(220fae4dba859204fbb5d196f96741aa) Importer(815301076,1909f56bfc062723c751e8b465ee728b)
Start importing Assets/Height Mapper/Editor using Guid(220fae4dba859204fbb5d196f96741aa) Importer(815301076,1909f56bfc062723c751e8b465ee728b)  -> (artifact id: '4d80991b65a9c7bb7915eb34987095b2') in 0.029347 seconds 
========================================================================
Received Import Request.
  Time since last request: 4.248619 seconds.
  path: Assets/Height Mapper/Editor/HeightMapper.cs
  artifactKey: Guid(3f49f28282c82944196268b52c0f298e) Importer(815301076,1909f56bfc062723c751e8b465ee728b)
Start importing Assets/Height Mapper/Editor/HeightMapper.cs using Guid(3f49f28282c82944196268b52c0f298e) Importer(815301076,1909f56bfc062723c751e8b465ee728b)  -> (artifact id: '4e4627d8ca99726605cd4af5367fe67f') in 0.019074 seconds 
========================================================================
Received Import Request.
  Time since last request: 47.168302 seconds.
  path: Assets
  artifactKey: Guid(00000000000000001000000000000000) Importer(815301076,1909f56bfc062723c751e8b465ee728b)
Start importing Assets using Guid(00000000000000001000000000000000) Importer(815301076,1909f56bfc062723c751e8b465ee728b)  -> (artifact id: '79842766b460edbeab6a34051e857a80') in 0.054287 seconds 
========================================================================
Received Import Request.
  Time since last request: 6.971797 seconds.
  path: Assets/_Invozone/Map
  artifactKey: Guid(895521105e6a5414aa55eafd71da070d) Importer(815301076,1909f56bfc062723c751e8b465ee728b)
Start importing Assets/_Invozone/Map using Guid(895521105e6a5414aa55eafd71da070d) Importer(815301076,1909f56bfc062723c751e8b465ee728b)  -> (artifact id: '09630145856cf85e6afc47ed73bcefef') in 0.040347 seconds 
========================================================================
Received Import Request.
  Time since last request: 103.343729 seconds.
  path: Assets/Gerhard
  artifactKey: Guid(1eebb6daed2b58f4caf28929102a8d7b) Importer(815301076,1909f56bfc062723c751e8b465ee728b)
Start importing Assets/Gerhard using Guid(1eebb6daed2b58f4caf28929102a8d7b) Importer(815301076,1909f56bfc062723c751e8b465ee728b)  -> (artifact id: 'c4e73ebbbd9ca029004f1cb9b3812081') in 0.022760 seconds 
========================================================================
Received Import Request.
  Time since last request: 30.793881 seconds.
  path: Assets/Gerhard/FB-Buildings.fbx
  artifactKey: Guid(b018dd9214572fe419346410d6d328cd) Importer(815301076,1909f56bfc062723c751e8b465ee728b)
Start importing Assets/Gerhard/FB-Buildings.fbx using Guid(b018dd9214572fe419346410d6d328cd) Importer(815301076,1909f56bfc062723c751e8b465ee728b)  -> (artifact id: '0baaad54da42fe1af7864439dad7166d') in 0.771532 seconds 
