Using pre-set license
Built from '2021.3/staging' branch; Version is '2021.3.9f1 (ad3870b89536) revision 11352176'; Using compiler version '192829333'; Build Type 'Release'
OS: 'Windows 10  (10.0.19045) 64bit Core' Language: 'en' Physical Memory: 7959 MB
BatchMode: 1, IsHumanControllingUs: 0, StartBugReporterOnCrash: 0, Is64bit: 1, IsPro: 1

COMMAND LINE ARGUMENTS:
C:\Program Files\Unity 2021.3.9f1\Editor\Unity.exe
-adb2
-batchMode
-noUpm
-name
AssetImportWorker0
-projectPath
C:/Users/Gerhard/Desktop/3DFB
-logFile
Logs/AssetImportWorker0.log
-srvPort
50194
Successfully changed project path to: C:/Users/Gerhard/Desktop/3DFB
C:/Users/Gerhard/Desktop/3DFB
[UnityMemory] Configuration Parameters - Can be set up in boot.config
    "memorysetup-bucket-allocator-granularity=16"
    "memorysetup-bucket-allocator-bucket-count=8"
    "memorysetup-bucket-allocator-block-size=33554432"
    "memorysetup-bucket-allocator-block-count=8"
    "memorysetup-main-allocator-block-size=16777216"
    "memorysetup-thread-allocator-block-size=16777216"
    "memorysetup-gfx-main-allocator-block-size=16777216"
    "memorysetup-gfx-thread-allocator-block-size=16777216"
    "memorysetup-cache-allocator-block-size=4194304"
    "memorysetup-typetree-allocator-block-size=2097152"
    "memorysetup-profiler-bucket-allocator-granularity=16"
    "memorysetup-profiler-bucket-allocator-bucket-count=8"
    "memorysetup-profiler-bucket-allocator-block-size=33554432"
    "memorysetup-profiler-bucket-allocator-block-count=8"
    "memorysetup-profiler-allocator-block-size=16777216"
    "memorysetup-profiler-editor-allocator-block-size=1048576"
    "memorysetup-temp-allocator-size-main=16777216"
    "memorysetup-job-temp-allocator-block-size=2097152"
    "memorysetup-job-temp-allocator-block-size-background=1048576"
    "memorysetup-job-temp-allocator-reduction-small-platforms=262144"
    "memorysetup-temp-allocator-size-background-worker=32768"
    "memorysetup-temp-allocator-size-job-worker=262144"
    "memorysetup-temp-allocator-size-preload-manager=33554432"
    "memorysetup-temp-allocator-size-nav-mesh-worker=65536"
    "memorysetup-temp-allocator-size-audio-worker=65536"
    "memorysetup-temp-allocator-size-cloud-worker=32768"
    "memorysetup-temp-allocator-size-gi-baking-worker=262144"
    "memorysetup-temp-allocator-size-gfx=262144"
Refreshing native plugins compatible for Editor in 331.54 ms, found 5 plugins.
Preloading 0 native plugins for Editor in 0.00 ms.
Initialize engine version: 2021.3.9f1 (ad3870b89536)
[Subsystems] Discovering subsystems at path C:/Program Files/Unity 2021.3.9f1/Editor/Data/Resources/UnitySubsystems
[Subsystems] Discovering subsystems at path C:/Users/Gerhard/Desktop/3DFB/Assets
GfxDevice: creating device client; threaded=0; jobified=0
Direct3D:
    Version:  Direct3D 11.0 [level 11.1]
    Renderer: Intel(R) UHD Graphics (ID=0x8a56)
    Vendor:   Intel
    VRAM:     3979 MB
    Driver:   27.20.100.9365
Initialize mono
Mono path[0] = 'C:/Program Files/Unity 2021.3.9f1/Editor/Data/Managed'
Mono path[1] = 'C:/Program Files/Unity 2021.3.9f1/Editor/Data/MonoBleedingEdge/lib/mono/unityjit-win32'
Mono config path = 'C:/Program Files/Unity 2021.3.9f1/Editor/Data/MonoBleedingEdge/etc'
Using monoOptions --debugger-agent=transport=dt_socket,embedding=1,server=y,suspend=n,address=127.0.0.1:56772
Begin MonoManager ReloadAssembly
Registering precompiled unity dll's ...
Register platform support module: C:/Program Files/Unity 2021.3.9f1/Editor/Data/PlaybackEngines/WindowsStandaloneSupport/UnityEditor.WindowsStandalone.Extensions.dll
Registered in 0.018299 seconds.
Native extension for WindowsStandalone target not found
Refreshing native plugins compatible for Editor in 206.05 ms, found 5 plugins.
Preloading 0 native plugins for Editor in 0.00 ms.
Mono: successfully reloaded assembly
- Completed reload, in  1.783 seconds
Domain Reload Profiling:
	ReloadAssembly (1783ms)
		BeginReloadAssembly (276ms)
			ExecutionOrderSort (0ms)
			DisableScriptedObjects (0ms)
			BackupInstance (0ms)
			ReleaseScriptingObjects (0ms)
			CreateAndSetChildDomain (2ms)
		EndReloadAssembly (1136ms)
			LoadAssemblies (268ms)
			RebuildTransferFunctionScriptingTraits (0ms)
			SetupTypeCache (275ms)
			ReleaseScriptCaches (0ms)
			RebuildScriptCaches (50ms)
			SetupLoadedEditorAssemblies (660ms)
				LogAssemblyErrors (0ms)
				InitializePlatformSupportModulesInManaged (27ms)
				SetLoadedEditorAssemblies (1ms)
				RefreshPlugins (206ms)
				BeforeProcessingInitializeOnLoad (3ms)
				ProcessInitializeOnLoadAttributes (319ms)
				ProcessInitializeOnLoadMethodAttributes (104ms)
				AfterProcessingInitializeOnLoad (0ms)
				EditorAssembliesLoaded (0ms)
			ExecutionOrderSort2 (0ms)
			AwakeInstancesAfterBackupRestoration (0ms)
Platform modules already initialized, skipping
Registering precompiled user dll's ...
Registered in 0.021766 seconds.
Begin MonoManager ReloadAssembly
Native extension for WindowsStandalone target not found
Refreshing native plugins compatible for Editor in 276.20 ms, found 5 plugins.
Preloading 0 native plugins for Editor in 0.00 ms.
Mono: successfully reloaded assembly
- Completed reload, in  4.305 seconds
Domain Reload Profiling:
	ReloadAssembly (4310ms)
		BeginReloadAssembly (594ms)
			ExecutionOrderSort (0ms)
			DisableScriptedObjects (32ms)
			BackupInstance (0ms)
			ReleaseScriptingObjects (1ms)
			CreateAndSetChildDomain (90ms)
		EndReloadAssembly (3199ms)
			LoadAssemblies (612ms)
			RebuildTransferFunctionScriptingTraits (0ms)
			SetupTypeCache (825ms)
			ReleaseScriptCaches (3ms)
			RebuildScriptCaches (125ms)
			SetupLoadedEditorAssemblies (1710ms)
				LogAssemblyErrors (0ms)
				InitializePlatformSupportModulesInManaged (18ms)
				SetLoadedEditorAssemblies (1ms)
				RefreshPlugins (276ms)
				BeforeProcessingInitializeOnLoad (250ms)
				ProcessInitializeOnLoadAttributes (817ms)
				ProcessInitializeOnLoadMethodAttributes (334ms)
				AfterProcessingInitializeOnLoad (13ms)
				EditorAssembliesLoaded (0ms)
			ExecutionOrderSort2 (0ms)
			AwakeInstancesAfterBackupRestoration (25ms)
Platform modules already initialized, skipping
========================================================================
Worker process is ready to serve import requests
Launched and connected shader compiler UnityShaderCompiler.exe after 0.10 seconds
Refreshing native plugins compatible for Editor in 4.25 ms, found 5 plugins.
Preloading 0 native plugins for Editor in 0.00 ms.
Unloading 4833 Unused Serialized files (Serialized files now loaded: 0)
Unloading 117 unused Assets / (2.6 MB). Loaded Objects now: 5237.
Memory consumption went from 217.9 MB to 215.3 MB.
Total: 16.821300 ms (FindLiveObjects: 2.588800 ms CreateObjectMapping: 2.583000 ms MarkObjects: 8.075100 ms  DeleteObjects: 3.565400 ms)

AssetImportParameters requested are different than current active one (requested -> active):
  custom:video-decoder-ogg-theora: a1e56fd34408186e4bbccfd4996cb3dc -> 
  custom:container-muxer-webm: aa71ff27fc2769a1b78a27578f13a17b -> 
  custom:container-demuxer-webm: 4f35f7cbe854078d1ac9338744f61a02 -> 
  custom:video-encoder-webm-vp8: eb34c28f22e8b96e1ab97ce403110664 -> 
  custom:video-codec-MediaFoundation-h265: 746d11721c4dcdbdad8f713fa42b33f4 -> 
  custom:audio-encoder-webm-vorbis: bf7c407c2cedff20999df2af8eb42d56 -> 
  custom:framework-win-MediaFoundation: 216162199b28c13a410421893ffa2e32 -> 
  custom:container-demuxer-ogg: 62fdf1f143b41e24485cea50d1cbac27 -> 
  custom:video-decoder-webm-vp8: 9c59270c3fd7afecdb556c50c9e8de78 -> 
  custom:audio-decoder-ogg-vorbis: bf7c407c2cedff20999df2af8eb42d56 -> 
========================================================================
Received Import Request.
  Time since last request: 56167.980528 seconds.
  path: Assets/Models/FB-Buildings (2).fbx
  artifactKey: Guid(7bdfb423be4b2624a8ed84432be48933) Importer(815301076,1909f56bfc062723c751e8b465ee728b)
Start importing Assets/Models/FB-Buildings (2).fbx using Guid(7bdfb423be4b2624a8ed84432be48933) Importer(815301076,1909f56bfc062723c751e8b465ee728b)  -> (artifact id: '2a0936dcad60df5d7478095f27115f79') in 3.800118 seconds 
========================================================================
Received Import Request.
  Time since last request: 1574.414052 seconds.
  path: Assets/_Invozone/Scene/Main Scene/ReflectionProbe-0.exr
  artifactKey: Guid(e771ee34faf6d254fb9b6bca5faeb6e7) Importer(815301076,1909f56bfc062723c751e8b465ee728b)
Start importing Assets/_Invozone/Scene/Main Scene/ReflectionProbe-0.exr using Guid(e771ee34faf6d254fb9b6bca5faeb6e7) Importer(815301076,1909f56bfc062723c751e8b465ee728b)  -> (artifact id: '97f3f32392da0ea2ece95694d15f784b') in 1.122526 seconds 
========================================================================
Received Import Request.
  Time since last request: 7.134244 seconds.
  path: Assets/_Invozone/Scene/Floro6.unity
  artifactKey: Guid(c3b2dd3cef982bf40958ca5156c0514e) Importer(815301076,1909f56bfc062723c751e8b465ee728b)
Start importing Assets/_Invozone/Scene/Floro6.unity using Guid(c3b2dd3cef982bf40958ca5156c0514e) Importer(815301076,1909f56bfc062723c751e8b465ee728b)  -> (artifact id: '52a3070f69b607960374c916abafead7') in 0.035682 seconds 
========================================================================
Received Import Request.
  Time since last request: 28.440561 seconds.
  path: Assets/_Invozone/Scene/Main Scene.unity
  artifactKey: Guid(207e2789fd22d9044b3efe9a1a25ac00) Importer(815301076,1909f56bfc062723c751e8b465ee728b)
Start importing Assets/_Invozone/Scene/Main Scene.unity using Guid(207e2789fd22d9044b3efe9a1a25ac00) Importer(815301076,1909f56bfc062723c751e8b465ee728b)  -> (artifact id: 'be2084b7d252841d4d2840365fe82f95') in 0.021921 seconds 
========================================================================
Received Import Request.
  Time since last request: 14.268562 seconds.
  path: Assets/_TerrainAutoUpgrade
  artifactKey: Guid(084e39cd3d8984900a9278a7496a673a) Importer(815301076,1909f56bfc062723c751e8b465ee728b)
Start importing Assets/_TerrainAutoUpgrade using Guid(084e39cd3d8984900a9278a7496a673a) Importer(815301076,1909f56bfc062723c751e8b465ee728b)  -> (artifact id: 'ae59e0d75fa78f3670414750542efadf') in 0.024531 seconds 
========================================================================
Received Import Request.
  Time since last request: 5.862931 seconds.
  path: Assets/_TerrainAutoUpgrade/layer_SoilBeach [Albedo] [Smoothness]SoilBeach [Normal]b956af97c33fc3d7.terrainlayer
  artifactKey: Guid(a8f069dfd76334538b7aa45b6bb0e5c1) Importer(815301076,1909f56bfc062723c751e8b465ee728b)
Start importing Assets/_TerrainAutoUpgrade/layer_SoilBeach [Albedo] [Smoothness]SoilBeach [Normal]b956af97c33fc3d7.terrainlayer using Guid(a8f069dfd76334538b7aa45b6bb0e5c1) Importer(815301076,1909f56bfc062723c751e8b465ee728b)  -> (artifact id: '36d6d0703a1cf149b818d11498b655bc') in 0.107866 seconds 
========================================================================
Received Import Request.
  Time since last request: 0.000052 seconds.
  path: Assets/LuxWater/Demos/Textures/Terrain/SoilBeach [Normal].psd
  artifactKey: Guid(8a4f34593dc984598864701f6640599c) Importer(815301076,1909f56bfc062723c751e8b465ee728b)
Start importing Assets/LuxWater/Demos/Textures/Terrain/SoilBeach [Normal].psd using Guid(8a4f34593dc984598864701f6640599c) Importer(815301076,1909f56bfc062723c751e8b465ee728b)  -> (artifact id: 'e1198b911d3e754c5eca9f54396241a2') in 0.509095 seconds 
========================================================================
Received Import Request.
  Time since last request: 37.256616 seconds.
  path: Assets/Animations
  artifactKey: Guid(2a57eb2aeef21684faf591a29ac0b593) Importer(815301076,1909f56bfc062723c751e8b465ee728b)
Start importing Assets/Animations using Guid(2a57eb2aeef21684faf591a29ac0b593) Importer(815301076,1909f56bfc062723c751e8b465ee728b)  -> (artifact id: '6f2c8c97172364091f50188aea8b1962') in 0.034633 seconds 
========================================================================
Received Import Request.
  Time since last request: 4.939573 seconds.
  path: Assets/Animations/CameraTImeline.playable
  artifactKey: Guid(56d6a9f06d22ae641b230280f54d99d9) Importer(815301076,1909f56bfc062723c751e8b465ee728b)
Start importing Assets/Animations/CameraTImeline.playable using Guid(56d6a9f06d22ae641b230280f54d99d9) Importer(815301076,1909f56bfc062723c751e8b465ee728b)  -> (artifact id: '3622db859f3b86736d60157a3e88f5c9') in 0.186302 seconds 
========================================================================
Received Import Request.
  Time since last request: 6.936546 seconds.
  path: Assets/Animations/crain4.anim
  artifactKey: Guid(e4c56803c5e1e8b408698c5222346cc2) Importer(815301076,1909f56bfc062723c751e8b465ee728b)
Start importing Assets/Animations/crain4.anim using Guid(e4c56803c5e1e8b408698c5222346cc2) Importer(815301076,1909f56bfc062723c751e8b465ee728b)  -> (artifact id: 'bb72454465dacf9f9a002139ed9e93ea') in 0.028387 seconds 
